<?xml version="1.0" encoding="UTF-8"?>
<!-- Generated by org.testng.reporters.JUnitXMLReporter -->
<testsuite ignored="8" hostname="Reshma-PC" failures="1" tests="8" name="Regression" time="0.052" errors="0" timestamp="2022-04-06T22:25:08 MDT">
  <testcase classname="seleniumprojects.VehicleInsurance" name="APILoginVehicle" time="0.006">
    <failure type="java.lang.AssertionError" message="expected [true] but found [false]">
      <![CDATA[java.lang.AssertionError: expected [true] but found [false]
at seleniumprojects.VehicleInsurance.APILoginVehicle(VehicleInsurance.java:23)
at java.base/java.util.ArrayList.forEach(ArrayList.java:1511)
... Removed 31 stack frames]]>
    </failure>
  </testcase> <!-- APILoginVehicle -->
  <testcase classname="seleniumprojects.VehicleInsurance" name="MobileLoginVehicle" time="0.001"/>
  <testcase classname="seleniumprojects.VehicleInsurance" name="WebLoginVehicle" time="0.001"/>
  <testcase classname="seleniumprojects.VehicleInsurance" name="WebLogoutVehicle" time="0.001"/>
  <testcase classname="seleniumprojects.LifeInsurance" name="APILogin" time="0.001"/>
  <testcase classname="seleniumprojects.LifeInsurance" name="MobileLoginLife" time="0.001"/>
  <testcase classname="seleniumprojects.LifeInsurance" name="WebLoginLife" time="0.0"/>
  <testcase classname="seleniumprojects.LifeInsurance" name="WebLogoutLife" time="0.0"/>
  <testcase classname="seleniumprojects.GardenInsurance" name="WebLoginGarden" time="0.0">
    <ignored/>
  </testcase> <!-- WebLoginGarden -->
  <testcase classname="seleniumprojects.HomeInsurance" name="MobileLoginHome" time="0.0">
    <ignored/>
  </testcase> <!-- MobileLoginHome -->
  <testcase classname="seleniumprojects.GardenInsurance" name="APILoginGarden" time="0.0">
    <ignored/>
  </testcase> <!-- APILoginGarden -->
  <testcase classname="seleniumprojects.HomeInsurance" name="APILoginHome" time="0.0">
    <ignored/>
  </testcase> <!-- APILoginHome -->
  <testcase classname="seleniumprojects.HomeInsurance" name="WebLogoutHome" time="0.0">
    <ignored/>
  </testcase> <!-- WebLogoutHome -->
  <testcase classname="seleniumprojects.GardenInsurance" name="MobileLogoutGarden" time="0.0">
    <ignored/>
  </testcase> <!-- MobileLogoutGarden -->
  <testcase classname="seleniumprojects.HomeInsurance" name="WebLoginHome" time="0.0">
    <ignored/>
  </testcase> <!-- WebLoginHome -->
  <testcase classname="seleniumprojects.GardenInsurance" name="MobileLoginGarden" time="0.0">
    <ignored/>
  </testcase> <!-- MobileLoginGarden -->
</testsuite> <!-- Regression -->
