<?xml version="1.0" encoding="UTF-8"?>
<!-- Generated by org.testng.reporters.JUnitXMLReporter -->
<testsuite ignored="0" hostname="Reshma-PC" failures="0" tests="4" name="Default test" time="0.058" errors="0" timestamp="2022-04-06T20:01:32 MDT">
  <testcase classname="seleniumprojects.VehicleInsurance" name="APILoginVehicle" time="0.011"/>
  <testcase classname="seleniumprojects.VehicleInsurance" name="MobileLoginVehicle" time="0.001"/>
  <testcase classname="seleniumprojects.VehicleInsurance" name="WebLoginVehicle" time="0.001"/>
  <testcase classname="seleniumprojects.VehicleInsurance" name="WebLogoutVehicle" time="0.002"/>
</testsuite> <!-- Default test -->
