<?xml version="1.0" encoding="UTF-8"?>
<!-- Generated by org.testng.reporters.JUnitXMLReporter -->
<testsuite ignored="0" hostname="Reshma-PC" failures="0" tests="14" name="insurance" time="0.068" errors="0" timestamp="2022-03-28T20:27:04 MDT">
  <testcase classname="seleniumprojects.HomeInsurance" name="MobileLogin" time="0.009"/>
  <testcase classname="seleniumprojects.HomeInsurance" name="APILogin" time="0.002"/>
  <testcase classname="seleniumprojects.HomeInsurance" name="WebLogin" time="0.0"/>
  <testcase classname="seleniumprojects.VehicleInsurance" name="APILogin" time="0.001"/>
  <testcase classname="seleniumprojects.VehicleInsurance" name="MobileLogin" time="0.001"/>
  <testcase classname="seleniumprojects.VehicleInsurance" name="WebLogin" time="0.001"/>
  <testcase classname="seleniumprojects.TestNgBasics" name="Demo" time="0.0"/>
  <testcase classname="seleniumprojects.TestNgBasics" name="secondTestCase" time="0.001"/>
  <testcase classname="seleniumprojects.LifeInsurance" name="APILogin" time="0.0"/>
  <testcase classname="seleniumprojects.LifeInsurance" name="MobileLogin" time="0.0"/>
  <testcase classname="seleniumprojects.LifeInsurance" name="WebLogin" time="0.0"/>
  <testcase classname="seleniumprojects.GardenInsurance" name="APILogin" time="0.001"/>
  <testcase classname="seleniumprojects.GardenInsurance" name="MobileLogin" time="0.001"/>
  <testcase classname="seleniumprojects.GardenInsurance" name="WebLogin" time="0.0"/>
</testsuite> <!-- insurance -->
